<?xml version="1.0" encoding="UTF-8"?>
<!-- Generated by org.testng.reporters.JUnitReportReporter -->
<testsuite skipped="0" hostname="DESKTOP-R0GNJAC" name="com.rest.api.schema.CheckSchemaTest" tests="1" failures="0" timestamp="26 Aug 2020 17:07:07 GMT" time="3.840" errors="0">
  <testcase name="get_user_API_Schema_Test" time="3.840" classname="com.rest.api.schema.CheckSchemaTest"/>
</testsuite> <!-- com.rest.api.schema.CheckSchemaTest -->
