<?xml version="1.0" encoding="UTF-8"?>
<!-- Generated by org.testng.reporters.JUnitReportReporter -->
<testsuite skipped="0" hostname="DESKTOP-R0GNJAC" name="com.rest.api.post.POSTAPIWithPOJO" tests="1" failures="0" timestamp="27 Aug 2020 07:05:26 GMT" time="5.631" errors="0">
  <testcase name="createUser_With_Pojo_Test" time="5.631" classname="com.rest.api.post.POSTAPIWithPOJO"/>
</testsuite> <!-- com.rest.api.post.POSTAPIWithPOJO -->
