<?xml version="1.0" encoding="UTF-8"?>
<!-- Generated by org.testng.reporters.JUnitReportReporter -->
<testsuite skipped="0" hostname="DESKTOP-R0GNJAC" name="com.rest.api.get.GETBDDAPI" tests="7" failures="0" timestamp="25 Aug 2020 13:40:18 GMT" time="11.654" errors="0">
  <testcase name="getAPITest" time="2.401" classname="com.rest.api.get.GETBDDAPI"/>
  <testcase name="getAPICircuitTest" time="4.710" classname="com.rest.api.get.GETBDDAPI"/>
  <testcase name="getAPICircuitTest_contentLength_Test" time="0.887" classname="com.rest.api.get.GETBDDAPI"/>
  <testcase name="numberOfCircuitYearTest" time="0.918" classname="com.rest.api.get.GETBDDAPI"/>
  <testcase name="getJsonAPI_VerifyMD5Value" time="0.845" classname="com.rest.api.get.GETBDDAPI"/>
  <testcase name="numberOfCircuitYearTest" time="1.007" classname="com.rest.api.get.GETBDDAPI"/>
  <testcase name="numberOfCircuitYearTest" time="0.886" classname="com.rest.api.get.GETBDDAPI"/>
</testsuite> <!-- com.rest.api.get.GETBDDAPI -->
