<?xml version="1.0" encoding="UTF-8"?>
<!-- Generated by org.testng.reporters.JUnitReportReporter -->
<testsuite skipped="0" hostname="DESKTOP-R0GNJAC" name="com.rest.api.put.PUTAPITEST" tests="1" failures="0" timestamp="27 Aug 2020 13:02:31 GMT" time="4.772" errors="0">
  <testcase name="update_User_PUT_API_Test" time="4.772" classname="com.rest.api.put.PUTAPITEST"/>
</testsuite> <!-- com.rest.api.put.PUTAPITEST -->
