<?xml version="1.0" encoding="UTF-8"?>
<!-- Generated by org.testng.reporters.JUnitReportReporter -->
<testsuite skipped="0" hostname="DESKTOP-R0GNJAC" name="com.rest.api.delete.DeleteAPITest" tests="1" failures="0" timestamp="27 Aug 2020 13:03:22 GMT" time="3.628" errors="0">
  <testcase name="delete_user_API_Test" time="3.628" classname="com.rest.api.delete.DeleteAPITest"/>
</testsuite> <!-- com.rest.api.delete.DeleteAPITest -->
