<?xml version="1.0" encoding="UTF-8"?>
<!-- Generated by org.testng.reporters.JUnitReportReporter -->
<testsuite skipped="0" hostname="DESKTOP-R0GNJAC" name="com.rest.api.get.GETRESTAPITest" tests="1" failures="0" timestamp="25 Aug 2020 07:38:47 GMT" time="0.017" errors="0">
  <testcase name="TC001_verifyGetCall" time="0.017" classname="com.rest.api.get.GETRESTAPITest"/>
</testsuite> <!-- com.rest.api.get.GETRESTAPITest -->
